✅ [Init] DB 연결 성공!
🍎 Apple MPS 가속을 사용합니다.
⏳ 모델 로딩 중... (이 과정은 한 번만 실행됩니다)
Device set to use mps
Device set to use mps
Device set to use mps
✅ 모델 로딩 완료!
🚀 감성 분석 에이전트 가동 (10분 주기)
   -> 메모리에 모델 적재 완료. 대기 중...

[🔄 분석 사이클 시작] 14:47:17

📰 [NEWS] 71건 신규 분석 시작...
   💾 71건 [news_data] 점수 저장 중...
   ✅ 저장 완료!
[✅ 사이클 종료] 대기 모드로 전환...

[🔄 분석 사이클 시작] 15:17:20

👽 [COMMUNITY] 1건 신규 분석 시작...
Processing:   0%|          | 0/1 [00:00<?, ?it/s]Processing: 100%|██████████| 1/1 [00:00<00:00,  2.43it/s]Processing: 100%|██████████| 1/1 [00:00<00:00,  2.43it/s]
   💾 1건 [community_data] 점수 저장 중...
   ✅ 저장 완료!
[✅ 사이클 종료] 대기 모드로 전환...

[🔄 분석 사이클 시작] 15:47:21
[❌ 사이클 에러] Can't reconnect until invalid transaction is rolled back.  Please rollback() fully before proceeding (Background on this error at: https://sqlalche.me/e/20/8s2b)

[🔄 분석 사이클 시작] 16:17:22
[❌ 사이클 에러] (psycopg2.errors.UndefinedTable) relation "news_data" does not exist
LINE 3:     FROM news_data
                 ^

[SQL: 
    SELECT news_id, title, COALESCE(description, '') as description
    FROM news_data
    WHERE sentiment_score IS NULL
    ORDER BY news_id DESC;
    ]
(Background on this error at: https://sqlalche.me/e/20/f405)

[🔄 분석 사이클 시작] 16:47:22
[❌ 사이클 에러] (psycopg2.errors.UndefinedTable) relation "news_data" does not exist
LINE 3:     FROM news_data
                 ^

[SQL: 
    SELECT news_id, title, COALESCE(description, '') as description
    FROM news_data
    WHERE sentiment_score IS NULL
    ORDER BY news_id DESC;
    ]
(Background on this error at: https://sqlalche.me/e/20/f405)

[🔄 분석 사이클 시작] 17:17:23
[❌ 사이클 에러] Can't reconnect until invalid transaction is rolled back.  Please rollback() fully before proceeding (Background on this error at: https://sqlalche.me/e/20/8s2b)

[🔄 분석 사이클 시작] 17:47:23
[❌ 사이클 에러] (psycopg2.errors.UndefinedTable) relation "news_data" does not exist
LINE 3:     FROM news_data
                 ^

[SQL: 
    SELECT news_id, title, COALESCE(description, '') as description
    FROM news_data
    WHERE sentiment_score IS NULL
    ORDER BY news_id DESC;
    ]
(Background on this error at: https://sqlalche.me/e/20/f405)

[🔄 분석 사이클 시작] 18:17:24
[❌ 사이클 에러] (psycopg2.errors.UndefinedTable) relation "news_data" does not exist
LINE 3:     FROM news_data
                 ^

[SQL: 
    SELECT news_id, title, COALESCE(description, '') as description
    FROM news_data
    WHERE sentiment_score IS NULL
    ORDER BY news_id DESC;
    ]
(Background on this error at: https://sqlalche.me/e/20/f405)

[🔄 분석 사이클 시작] 18:58:32
[❌ 사이클 에러] (psycopg2.errors.UndefinedTable) relation "news_data" does not exist
LINE 3:     FROM news_data
                 ^

[SQL: 
    SELECT news_id, title, COALESCE(description, '') as description
    FROM news_data
    WHERE sentiment_score IS NULL
    ORDER BY news_id DESC;
    ]
(Background on this error at: https://sqlalche.me/e/20/f405)

[🔄 분석 사이클 시작] 19:28:40
[❌ 사이클 에러] (psycopg2.errors.UndefinedTable) relation "news_data" does not exist
LINE 3:     FROM news_data
                 ^

[SQL: 
    SELECT news_id, title, COALESCE(description, '') as description
    FROM news_data
    WHERE sentiment_score IS NULL
    ORDER BY news_id DESC;
    ]
(Background on this error at: https://sqlalche.me/e/20/f405)

[🔄 분석 사이클 시작] 19:58:41
[❌ 사이클 에러] (psycopg2.errors.UndefinedTable) relation "news_data" does not exist
LINE 3:     FROM news_data
                 ^

[SQL: 
    SELECT news_id, title, COALESCE(description, '') as description
    FROM news_data
    WHERE sentiment_score IS NULL
    ORDER BY news_id DESC;
    ]
(Background on this error at: https://sqlalche.me/e/20/f405)

[🔄 분석 사이클 시작] 20:28:42
[❌ 사이클 에러] (psycopg2.errors.UndefinedTable) relation "news_data" does not exist
LINE 3:     FROM news_data
                 ^

[SQL: 
    SELECT news_id, title, COALESCE(description, '') as description
    FROM news_data
    WHERE sentiment_score IS NULL
    ORDER BY news_id DESC;
    ]
(Background on this error at: https://sqlalche.me/e/20/f405)

[🔄 분석 사이클 시작] 20:58:42
[❌ 사이클 에러] (psycopg2.errors.UndefinedTable) relation "news_data" does not exist
LINE 3:     FROM news_data
                 ^

[SQL: 
    SELECT news_id, title, COALESCE(description, '') as description
    FROM news_data
    WHERE sentiment_score IS NULL
    ORDER BY news_id DESC;
    ]
(Background on this error at: https://sqlalche.me/e/20/f405)

[🔄 분석 사이클 시작] 21:28:43
[❌ 사이클 에러] (psycopg2.errors.UndefinedTable) relation "news_data" does not exist
LINE 3:     FROM news_data
                 ^

[SQL: 
    SELECT news_id, title, COALESCE(description, '') as description
    FROM news_data
    WHERE sentiment_score IS NULL
    ORDER BY news_id DESC;
    ]
(Background on this error at: https://sqlalche.me/e/20/f405)

[🔄 분석 사이클 시작] 21:58:44
[❌ 사이클 에러] (psycopg2.errors.UndefinedTable) relation "news_data" does not exist
LINE 3:     FROM news_data
                 ^

[SQL: 
    SELECT news_id, title, COALESCE(description, '') as description
    FROM news_data
    WHERE sentiment_score IS NULL
    ORDER BY news_id DESC;
    ]
(Background on this error at: https://sqlalche.me/e/20/f405)

[🔄 분석 사이클 시작] 22:41:10
[❌ 사이클 에러] (psycopg2.errors.UndefinedTable) relation "news_data" does not exist
LINE 3:     FROM news_data
                 ^

[SQL: 
    SELECT news_id, title, COALESCE(description, '') as description
    FROM news_data
    WHERE sentiment_score IS NULL
    ORDER BY news_id DESC;
    ]
(Background on this error at: https://sqlalche.me/e/20/f405)

[🔄 분석 사이클 시작] 23:16:07
[❌ 사이클 에러] (psycopg2.errors.UndefinedTable) relation "news_data" does not exist
LINE 3:     FROM news_data
                 ^

[SQL: 
    SELECT news_id, title, COALESCE(description, '') as description
    FROM news_data
    WHERE sentiment_score IS NULL
    ORDER BY news_id DESC;
    ]
(Background on this error at: https://sqlalche.me/e/20/f405)

[🔄 분석 사이클 시작] 23:49:02
[❌ 사이클 에러] (psycopg2.errors.UndefinedTable) relation "news_data" does not exist
LINE 3:     FROM news_data
                 ^

[SQL: 
    SELECT news_id, title, COALESCE(description, '') as description
    FROM news_data
    WHERE sentiment_score IS NULL
    ORDER BY news_id DESC;
    ]
(Background on this error at: https://sqlalche.me/e/20/f405)

[🔄 분석 사이클 시작] 00:22:45
[❌ 사이클 에러] (psycopg2.errors.UndefinedTable) relation "news_data" does not exist
LINE 3:     FROM news_data
                 ^

[SQL: 
    SELECT news_id, title, COALESCE(description, '') as description
    FROM news_data
    WHERE sentiment_score IS NULL
    ORDER BY news_id DESC;
    ]
(Background on this error at: https://sqlalche.me/e/20/f405)

[🔄 분석 사이클 시작] 00:57:08
[❌ 사이클 에러] (psycopg2.errors.UndefinedTable) relation "news_data" does not exist
LINE 3:     FROM news_data
                 ^

[SQL: 
    SELECT news_id, title, COALESCE(description, '') as description
    FROM news_data
    WHERE sentiment_score IS NULL
    ORDER BY news_id DESC;
    ]
(Background on this error at: https://sqlalche.me/e/20/f405)

[🔄 분석 사이클 시작] 01:41:42
[❌ 사이클 에러] (psycopg2.errors.UndefinedTable) relation "news_data" does not exist
LINE 3:     FROM news_data
                 ^

[SQL: 
    SELECT news_id, title, COALESCE(description, '') as description
    FROM news_data
    WHERE sentiment_score IS NULL
    ORDER BY news_id DESC;
    ]
(Background on this error at: https://sqlalche.me/e/20/f405)

[🔄 분석 사이클 시작] 02:27:01
[❌ 사이클 에러] (psycopg2.errors.UndefinedTable) relation "news_data" does not exist
LINE 3:     FROM news_data
                 ^

[SQL: 
    SELECT news_id, title, COALESCE(description, '') as description
    FROM news_data
    WHERE sentiment_score IS NULL
    ORDER BY news_id DESC;
    ]
(Background on this error at: https://sqlalche.me/e/20/f405)

[🔄 분석 사이클 시작] 03:00:17
[❌ 사이클 에러] (psycopg2.errors.UndefinedTable) relation "news_data" does not exist
LINE 3:     FROM news_data
                 ^

[SQL: 
    SELECT news_id, title, COALESCE(description, '') as description
    FROM news_data
    WHERE sentiment_score IS NULL
    ORDER BY news_id DESC;
    ]
(Background on this error at: https://sqlalche.me/e/20/f405)

[🔄 분석 사이클 시작] 03:44:28
[❌ 사이클 에러] (psycopg2.errors.UndefinedTable) relation "news_data" does not exist
LINE 3:     FROM news_data
                 ^

[SQL: 
    SELECT news_id, title, COALESCE(description, '') as description
    FROM news_data
    WHERE sentiment_score IS NULL
    ORDER BY news_id DESC;
    ]
(Background on this error at: https://sqlalche.me/e/20/f405)

[🔄 분석 사이클 시작] 04:28:49
[❌ 사이클 에러] (psycopg2.errors.UndefinedTable) relation "news_data" does not exist
LINE 3:     FROM news_data
                 ^

[SQL: 
    SELECT news_id, title, COALESCE(description, '') as description
    FROM news_data
    WHERE sentiment_score IS NULL
    ORDER BY news_id DESC;
    ]
(Background on this error at: https://sqlalche.me/e/20/f405)

[🔄 분석 사이클 시작] 05:00:54
[❌ 사이클 에러] (psycopg2.errors.UndefinedTable) relation "news_data" does not exist
LINE 3:     FROM news_data
                 ^

[SQL: 
    SELECT news_id, title, COALESCE(description, '') as description
    FROM news_data
    WHERE sentiment_score IS NULL
    ORDER BY news_id DESC;
    ]
(Background on this error at: https://sqlalche.me/e/20/f405)

[🔄 분석 사이클 시작] 05:43:43
[❌ 사이클 에러] (psycopg2.errors.UndefinedTable) relation "news_data" does not exist
LINE 3:     FROM news_data
                 ^

[SQL: 
    SELECT news_id, title, COALESCE(description, '') as description
    FROM news_data
    WHERE sentiment_score IS NULL
    ORDER BY news_id DESC;
    ]
(Background on this error at: https://sqlalche.me/e/20/f405)

[🔄 분석 사이클 시작] 06:28:38
[❌ 사이클 에러] (psycopg2.errors.UndefinedTable) relation "news_data" does not exist
LINE 3:     FROM news_data
                 ^

[SQL: 
    SELECT news_id, title, COALESCE(description, '') as description
    FROM news_data
    WHERE sentiment_score IS NULL
    ORDER BY news_id DESC;
    ]
(Background on this error at: https://sqlalche.me/e/20/f405)

[🔄 분석 사이클 시작] 07:01:45
[❌ 사이클 에러] (psycopg2.errors.UndefinedTable) relation "news_data" does not exist
LINE 3:     FROM news_data
                 ^

[SQL: 
    SELECT news_id, title, COALESCE(description, '') as description
    FROM news_data
    WHERE sentiment_score IS NULL
    ORDER BY news_id DESC;
    ]
(Background on this error at: https://sqlalche.me/e/20/f405)

[🔄 분석 사이클 시작] 07:47:24
[❌ 사이클 에러] (psycopg2.errors.UndefinedTable) relation "news_data" does not exist
LINE 3:     FROM news_data
                 ^

[SQL: 
    SELECT news_id, title, COALESCE(description, '') as description
    FROM news_data
    WHERE sentiment_score IS NULL
    ORDER BY news_id DESC;
    ]
(Background on this error at: https://sqlalche.me/e/20/f405)

[🔄 분석 사이클 시작] 08:17:50
[❌ 사이클 에러] (psycopg2.errors.UndefinedTable) relation "news_data" does not exist
LINE 3:     FROM news_data
                 ^

[SQL: 
    SELECT news_id, title, COALESCE(description, '') as description
    FROM news_data
    WHERE sentiment_score IS NULL
    ORDER BY news_id DESC;
    ]
(Background on this error at: https://sqlalche.me/e/20/f405)

[🔄 분석 사이클 시작] 08:50:23
[❌ 사이클 에러] (psycopg2.errors.UndefinedTable) relation "news_data" does not exist
LINE 3:     FROM news_data
                 ^

[SQL: 
    SELECT news_id, title, COALESCE(description, '') as description
    FROM news_data
    WHERE sentiment_score IS NULL
    ORDER BY news_id DESC;
    ]
(Background on this error at: https://sqlalche.me/e/20/f405)

[🔄 분석 사이클 시작] 09:20:24
[❌ 사이클 에러] (psycopg2.errors.UndefinedTable) relation "news_data" does not exist
LINE 3:     FROM news_data
                 ^

[SQL: 
    SELECT news_id, title, COALESCE(description, '') as description
    FROM news_data
    WHERE sentiment_score IS NULL
    ORDER BY news_id DESC;
    ]
(Background on this error at: https://sqlalche.me/e/20/f405)
